drews 1.0
25 679
1.63573 -0.223613 0
0.991252 -0.0170629 0.130874
0.00919659 0.998127 0.0604764
-0.131661 -0.0587437 0.989553
-1.53657 -0.54618 -0.368523
1.64427 -0.228186 0
0.990238 -0.0281172 0.136526
0.0153562 0.995488 0.0936381
-0.138543 -0.0906275 0.986201
-1.67443 -0.870263 -0.639043
1.63276 -0.24996 0
0.989177 -0.037019 0.141984
0.0330945 0.999005 0.0299039
-0.14295 -0.0248813 0.989417
-1.63104 -0.068342 0.737196
2.01432 -0.390059 0
0.988115 -0.0114682 0.15329
0.0116907 0.999932 -0.000550042
-0.153273 0.00233556 0.988181
-1.87802 -0.082168 0.514906
1.99045 -0.408651 0
0.999952 0.00121966 -0.0096688
-0.00125511 0.999993 -0.0036605
0.00966427 0.00367246 0.999947
0.117373 0.064967 0.0501157
1.99738 -0.394618 0
0.995366 -0.027738 0.0920716
0.0281487 0.999599 -0.00316398
-0.0919469 0.00574101 0.995747
-1.01195 -0.000696336 0.25638
2.01713 -0.358613 0
0.974404 -0.0517844 0.218759
0.0534217 0.998571 -0.00157209
-0.218365 0.0132183 0.975778
-2.29515 -0.0297821 0.391392
2.07284 -0.318634 0
0.93392 -0.0948543 0.344668
0.095595 0.995309 0.0148876
-0.344463 0.0190447 0.938607
-3.47215 -0.21878 1.16942
2.10565 -0.333475 0
0.882062 -0.123816 0.454573
0.128157 0.991523 0.0213927
-0.453368 0.039387 0.890452
-4.53973 -0.356037 1.8649
2.13354 -0.315646 0
0.830008 -0.152576 0.536476
0.156307 0.986944 0.0388607
-0.535401 0.0516 0.84302
-5.28726 -0.558515 2.60687
2.12495 -0.333779 0
0.785845 -0.16901 0.59488
0.17781 0.983062 0.0444067
-0.59231 0.0708787 0.802587
-6.00432 -0.637081 2.80789
2.12386 -0.367993 0
0.712619 -0.204394 0.671116
0.219885 0.973489 0.063
-0.666201 0.102674 0.73867
-6.73084 -0.921959 3.25151
2.10944 -0.353631 0
0.611019 -0.241375 0.753919
0.245811 0.963153 0.109144
-0.752484 0.118632 0.647838
-7.34664 -1.30216 4.25511
2.11102 -0.297176 0
0.537963 -0.26061 0.801672
0.273909 0.953447 0.126142
-0.797226 0.151726 0.584303
-7.98258 -1.53783 4.63925
2.10478 -0.354962 0
0.443662 -0.273161 0.85355
0.2815 0.946688 0.156649
-0.850836 0.170775 0.496904
-8.39127 -1.76502 5.56032
2.08916 -0.33123 0
0.359164 -0.284904 0.888725
0.295721 0.937938 0.181169
-0.885184 0.197745 0.421125
-8.82533 -1.95368 5.96046
2.06966 -0.315358 0
0.249993 -0.293215 0.922783
0.313486 0.926222 0.20938
-0.916095 0.236936 0.323468
-9.15552 -2.33876 6.80535
2.0613 -0.267258 0
0.149764 -0.292159 0.94457
0.326284 0.91643 0.231722
-0.933333 0.273494 0.232575
-9.44291 -2.59189 7.48635
2.09252 -0.279209 0
0.0451892 -0.296083 0.954093
0.319638 0.909145 0.266996
-0.946462 0.292898 0.135723
-9.55404 -2.82428 8.6591
2.09845 -0.239876 0
-0.045893 -0.296565 0.953909
0.332387 0.89597 0.294544
-0.942026 0.330584 0.0574555
-9.62523 -3.21021 9.38287
2.17519 -0.338711 0
-0.129448 -0.304328 0.943731
0.314218 0.8901 0.330134
-0.940484 0.339273 -0.0195965
-9.311 -3.35978 10.6251
2.15995 -0.403676 0
-0.183048 -0.300198 0.936149
0.319743 0.882288 0.345446
-0.929655 0.36256 -0.0655149
-9.25464 -3.57853 10.8645
2.15673 -0.389803 0
-0.211572 -0.279299 0.936605
0.328225 0.88234 0.33726
-0.9206 0.378773 -0.0950059
-9.49607 -3.51349 10.9548
2.14522 -0.387578 0
-0.348309 -0.294187 0.890019
0.298378 0.865295 0.402785
-0.888623 0.405856 -0.213611
-8.76913 -4.17245 11.6995
2.18404 0.66636 0
-0.493875 -0.289762 0.819833
0.220179 0.870441 0.440287
-0.841195 0.397957 -0.366089
-7.97432 -4.19927 13.1787
0.624843 0.54991 9.53226
112 90 68
8 1 0 0 0 2 0 3 0 0 2 3 0 4 0 0 5 1 0 7 1 0 9 0 0
-0.275908 -0.727406 9.98271
132 111 89
7 1 2 0 0 5 0 2 5 0 3 2 0 4 5 0 5 4 0 6 3 0
0.244796 1.03199 9.40671
138 115 95
5 1 6 0 0 16 0 3 7 0 7 6 0 8 4 0
2.40839 0.505565 10.4848
84 72 62
3 1 7 0 0 14 0 3 9 0
2.22083 0.495345 10.6876
71 62 55
3 1 8 0 0 21 0 2 36 0
-0.510995 1.13392 10.0368
131 121 112
3 1 11 0 0 22 0 2 10 0
-0.169655 1.04496 9.61725
127 115 108
6 1 14 0 0 28 0 2 11 0 3 16 0 4 10 0 5 12 0
0.0787037 -0.689609 9.84001
121 101 84
3 1 15 0 0 29 0 4 16 0
1.05883 0.842847 9.93969
37 28 20
7 1 17 0 0 121 0 2 124 0 3 45 0 4 53 0 5 45 0 6 28 0
0.751001 1.11493 9.73474
116 89 72
3 1 18 0 0 31 0 2 54 0
2.55596 0.76885 10.4184
127 114 103
3 1 21 0 0 36 0 2 52 0
-0.30853 1.40515 9.63094
165 147 129
5 1 22 0 0 41 0 6 19 0 2 38 0 7 82 0
0.699445 1.06999 9.65329
141 119 100
7 1 27 0 0 51 0 2 59 0 7 28 0 10 35 0 11 21 0 13 122 0
0.710412 1.15837 9.70245
148 129 113
4 1 31 0 0 69 0 6 12 0 7 55 0
1.11105 1.29777 9.88593
107 93 83
7 1 33 0 0 56 0 2 71 0 3 28 0 4 44 0 5 23 0 6 16 0
2.69108 0.347261 10.3049
95 81 70
3 1 35 0 0 43 0 2 58 0
0.137267 0.976131 9.44523
156 132 112
5 1 37 0 0 33 0 2 51 0 6 13 0 7 83 0
0.373622 1.30363 9.49518
128 105 85
5 1 44 0 0 70 0 2 60 0 3 20 0 5 20 0
-0.158235 -0.0867008 9.46022
136 119 103
5 1 46 0 0 47 0 2 49 0 6 30 0 7 109 0
-0.239611 0.412711 9.37648
109 89 72
4 1 49 0 0 38 0 2 70 0 3 29 0
0.0954943 -0.138061 9.83443
103 86 71
14 1 55 0 0 52 0 2 76 0 3 19 0 4 25 0 5 22 0 7 24 0 8 15 0 9 19 0 12 30 0 13 53 0 14 33 0 15 51 0 16 94 0
2.66215 0.964026 10.4733
88 71 58
3 1 56 0 0 79 0 2 82 0
0.937267 0.67402 9.63859
101 80 61
7 1 58 0 0 63 0 2 117 0 3 37 0 4 85 0 5 34 0 7 59 0
-0.0679168 -0.303419 9.88233
135 117 101
7 1 61 0 0 105 0 2 83 0 3 24 0 4 55 0 5 26 0 6 14 0
0.402168 1.17996 9.55664
141 117 97
14 1 65 0 0 91 0 2 92 0 3 39 0 4 57 0 5 36 0 6 23 0 7 33 0 8 33 0 9 32 0 10 30 0 11 37 0 12 29 0 13 33 0
2.76901 0.23109 10.3924
98 80 68
3 1 67 0 0 119 0 2 72 0
2.69992 0.909846 10.5058
126 112 101
3 1 68 0 0 120 0 2 95 0
2.72068 0.972569 10.5353
148 131 115
3 1 69 0 0 78 0 2 84 0
2.28512 0.510229 10.5843
103 89 78
4 1 70 0 0 128 0 4 103 0 5 73 0
0.831614 0.0444903 9.83595
136 119 103
8 1 72 0 0 83 0 2 100 0 3 46 0 4 27 0 5 30 0 6 39 0 7 93 0
2.23724 -2.74394 14.0375
92 78 68
3 1 73 0 0 112 0 2 119 0
0.312899 1.40289 9.509
160 143 127
5 1 74 0 0 103 0 2 105 0 3 43 0 5 35 0
-0.055212 1.02612 9.42191
112 96 82
6 1 76 0 0 106 0 2 122 0 3 68 0 5 40 0 6 66 0
0.611952 0.482633 9.50715
129 109 88
10 1 77 0 0 122 0 2 109 0 3 55 0 5 50 0 6 32 0 7 45 0 9 47 0 10 41 0 11 47 0
0.612682 0.480741 9.50328
123 104 83
18 1 78 0 0 123 0 2 108 0 3 54 0 5 51 0 6 31 0 7 44 0 8 47 0 9 46 0 10 42 0 11 46 0 12 38 0 13 48 0 14 62 0 15 68 0 16 91 0 17 128 0 18 200 0
0.312401 -0.105975 9.86592
104 89 74
18 1 79 0 0 115 0 2 110 0 3 42 0 4 58 0 5 49 0 6 40 0 7 50 0 8 50 0 9 49 0 10 48 0 11 58 0 12 41 0 13 59 0 14 65 0 15 102 0 16 119 0 17 177 0
1.154 1.16536 9.95109
135 122 107
11 1 80 0 0 117 0 2 115 0 3 66 0 4 23 0 5 41 0 6 35 0 7 41 0 8 37 0 9 35 0 10 29 0
-0.119458 -0.661434 10.0972
24 19 15
9 1 81 0 0 110 0 2 129 0 3 60 0 4 109 0 5 59 0 6 33 0 7 72 0 8 132 0
-0.122135 -0.66409 10.1172
28 23 18
5 1 82 0 0 109 0 2 130 0 3 59 0 5 58 0
1.97976 0.49421 11.5695
105 94 85
7 1 84 0 0 146 0 2 103 0 3 58 0 4 21 0 5 29 0 6 26 0
0.743056 -0.512301 11.7738
64 59 55
3 1 85 0 0 62 0 5 27 0
0.21401 0.2142 9.61014
150 123 100
15 1 87 0 0 174 0 2 133 0 4 65 0 5 48 0 6 25 0 7 27 0 8 31 0 9 30 0 10 21 0 11 23 0 12 15 0 13 11 0 14 16 0 15 22 0
2.82121 0.465576 10.2265
93 77 67
3 1 88 0 0 124 0 2 116 0
0.699276 0.399024 9.61428
140 121 104
7 1 89 0 0 88 0 2 94 0 3 50 0 4 33 0 5 39 0 6 29 0
2.24747 1.04862 10.5546
120 103 89
5 1 90 0 0 99 0 3 75 0 6 41 0 8 51 0
0.660572 1.18836 9.67074
128 101 81
7 1 91 0 0 126 0 2 111 0 3 56 0 4 89 0 5 56 0 6 46 0
0.660943 1.18786 9.66402
125 98 79
10 1 92 0 0 127 0 2 112 0 3 57 0 4 90 0 5 57 0 6 45 0 9 113 0 10 131 0 11 188 0
0.0889943 0.108927 9.77446
180 148 129
3 1 93 0 0 77 0 2 41 0
0.485758 0.973456 9.50841
96 77 61
4 1 94 0 0 131 0 6 68 0 7 35 0
0.189594 0.941935 9.39573
127 98 77
8 1 95 0 0 148 0 2 126 0 3 78 0 4 50 0 6 65 0 7 126 0 8 143 0
1.24771 -1.14332 11.8234
22 21 21
12 1 96 0 0 150 0 2 118 0 3 67 0 4 72 0 5 63 0 6 43 0 7 40 0 8 32 0 9 25 0 10 24 0 11 28 0
0.989829 0.500202 9.67984
123 100 80
4 1 97 0 0 140 0 2 128 0 4 88 0
0.254399 1.08544 9.44713
147 123 100
13 1 99 0 0 137 0 2 147 0 3 82 0 4 94 0 5 80 0 6 64 0 7 95 0 8 73 0 9 93 0 10 105 0 11 155 0 12 149 0
0.297566 -0.156812 9.87276
134 117 100
15 1 100 0 0 133 0 2 141 0 3 70 0 4 67 0 5 64 0 6 50 0 8 58 0 10 53 0 11 56 0 12 39 0 13 51 0 14 53 0 15 48 0 16 26 0
0.297526 -0.157025 9.87277
134 117 100
14 1 101 0 0 132 0 2 140 0 3 69 0 4 68 0 5 65 0 6 49 0 8 57 0 10 52 0 11 57 0 12 40 0 14 52 0 15 49 0 16 27 0
2.3864 0.642437 10.7696
127 113 101
5 1 102 0 0 170 0 2 135 0 4 100 0 5 81 0
1.25499 0.659003 9.97254
95 93 87
3 1 107 0 0 179 0 5 106 0
0.579526 1.44343 9.63365
139 124 107
15 1 108 0 0 156 0 2 167 0 3 97 0 4 128 0 5 105 0 6 113 0 7 102 0 8 90 0 9 94 0 10 119 0 11 142 0 12 108 0 13 181 0 14 190 0
2.74499 -0.113277 11.5533
104 89 78
3 1 109 0 0 116 0 2 91 0
0.0859533 0.705577 9.27848
133 117 98
12 1 113 0 0 158 0 2 143 0 3 88 0 4 82 0 5 78 0 6 73 0 7 99 0 8 79 0 9 86 0 13 158 0 14 203 0
2.63004 0.197541 10.4395
131 113 96
3 1 116 0 0 172 0 3 79 0
2.78085 -1.94853 12.8408
133 115 100
3 1 117 0 0 201 0 2 113 0
0.0506366 -1.21464 10.0537
137 116 96
13 1 118 0 0 72 0 2 114 0 3 61 0 4 66 0 5 54 0 6 52 0 7 74 0 8 67 0 9 73 0 10 79 0 11 98 0 12 100 0
1.85078 0.742597 11.4163
78 66 58
8 1 119 0 0 181 0 2 180 0 3 101 0 4 106 0 5 91 0 6 95 0 7 116 0
0.395433 1.45681 9.55746
153 133 112
13 1 120 0 0 184 0 3 120 0 5 131 0 6 102 0 7 121 0 8 108 0 9 105 0 10 115 0 11 136 0 12 112 0 13 184 0 14 211 0
0.0954024 0.629228 9.25615
134 117 98
8 1 123 0 0 160 0 2 136 0 3 84 0 4 101 0 5 75 0 6 71 0 7 91 0
1.9741 0.340571 11.34
21 16 11
3 1 124 0 0 180 0 2 204 0
0.450755 -0.618378 10.2963
119 104 90
5 1 129 0 0 233 0 3 116 0 5 90 0 6 158 0
0.35296 1.4643 9.53374
140 127 113
7 1 130 0 0 195 0 3 139 0 6 110 0 7 133 0 8 120 0 9 114 0
0.768377 1.00277 9.63664
95 77 63
6 1 131 0 0 200 0 2 158 0 3 89 0 5 139 0 6 55 0
0.772257 1.19942 9.69164
102 82 66
16 1 132 0 0 215 0 2 178 0 3 91 0 4 163 0 5 116 0 6 79 0 7 57 0 8 45 0 9 51 0 10 46 0 11 78 0 12 76 0 13 119 0 14 153 0 15 165 0
0.772178 1.1997 9.69251
104 83 67
12 1 133 0 0 216 0 2 177 0 3 92 0 4 162 0 5 115 0 6 80 0 7 58 0 8 46 0 9 50 0 10 47 0 13 118 0
0.23089 0.677461 9.38482
134 119 99
15 1 135 0 0 175 0 2 198 0 3 102 0 5 122 0 6 96 0 7 106 0 8 88 0 9 99 0 10 104 0 11 124 0 12 79 0 13 131 0 14 156 0 15 178 0
2.33964 0.44174 10.4554
109 95 80
9 1 138 0 0 204 0 2 202 0 3 113 0 4 141 0 5 127 0 6 109 0 8 112 0 10 103 0
2.33429 0.575443 10.676
110 95 82
6 1 139 0 0 219 0 3 167 0 4 208 0 5 143 0 6 157 0
0.984035 1.37211 9.83643
152 133 111
8 1 143 0 0 187 0 3 208 0 4 174 0 5 175 0 6 141 0 7 97 0 8 76 0
1.22749 0.490049 9.78648
141 126 105
7 1 144 0 0 188 0 3 112 0 4 184 0 5 144 0 6 97 0 7 71 0
-1.68049 0.934016 11.268
82 79 73
6 1 149 0 0 271 0 2 175 0 3 126 0 4 107 0 5 72 0
0.953535 0.0831839 9.73654
117 97 78
8 1 151 0 0 220 0 2 184 0 3 115 0 4 120 0 5 102 0 6 122 0 8 137 0
-0.0125804 0.893472 9.31642
119 92 71
4 1 152 0 0 209 0 2 160 0 5 100 0
-0.0119536 0.893083 9.31434
121 95 74
3 1 153 0 0 210 0 2 161 0
2.83992 0.23343 10.3918
95 77 65
3 1 156 0 0 217 0 2 168 0
-0.0875464 1.27241 9.37833
123 101 80
9 1 158 0 0 230 0 3 162 0 4 113 0 5 134 0 6 136 0 7 188 0 8 155 0 9 170 0
1.00601 0.270129 9.77184
106 89 70
13 1 160 0 0 239 0 5 165 0 6 112 0 8 99 0 9 100 0 10 99 0 11 115 0 12 90 0 13 135 0 14 144 0 15 154 0 16 223 0
2.42819 0.757302 10.4329
118 103 90
4 1 168 0 0 244 0 3 203 0 5 98 0
2.50153 0.495933 10.2754
96 80 71
3 1 173 0 0 284 0 3 151 0
0.734451 -0.478438 11.1829
65 59 54
4 1 181 0 0 212 0 3 85 0 5 76 0
2.29284 0.439667 10.432
115 100 84
6 1 183 0 0 289 0 3 185 0 4 222 0 5 188 0 6 160 0
-0.537404 1.15385 9.92571
110 92 79
3 1 187 0 0 223 0 5 145 0
1.81001 0.850371 11.5863
104 91 80
5 1 188 0 0 276 0 3 233 0 5 120 0 4 63 0
2.38925 0.445428 10.4541
106 89 74
6 1 189 0 0 287 0 3 190 0 4 161 0 5 169 0 6 162 0
-0.104284 1.2392 9.37848
144 125 106
5 1 191 0 0 277 0 3 147 0 6 151 0 7 196 0
-1.62716 -0.545758 10.7647
130 132 129
5 1 192 0 0 250 0 3 114 0 4 115 0 5 124 0
0.200992 0.778498 9.38639
155 131 111
6 1 193 0 0 246 0 3 140 0 4 111 0 5 118 0 6 126 0
1.7384 -0.740353 12.1571
84 82 75
4 1 195 0 0 262 0 3 118 0 6 107 0
1.75166 0.621792 11.7389
123 108 96
4 1 196 0 0 264 0 4 56 0 5 129 0
1.81696 0.635119 11.5717
86 77 68
6 1 200 0 0 282 0 3 181 0 4 206 0 5 172 0 6 177 0
1.81696 0.635119 11.5717
86 77 68
6 1 201 0 0 283 0 3 180 0 4 205 0 5 173 0 6 178 0
-1.60504 0.111629 10.9825
88 88 83
6 1 210 0 0 296 0 3 191 0 4 185 0 5 186 0 6 170 0
-1.48638 -0.759394 10.7537
122 123 117
6 1 222 0 0 273 0 3 183 0 4 201 0 5 196 0 6 169 0
0.706009 0.722972 9.59972
121 101 81
8 1 228 0 0 290 0 3 211 0 4 215 0 8 167 0 10 146 0 12 132 0 13 179 0
-0.0521321 -0.749545 9.90808
138 117 99
3 1 232 0 0 280 0 3 237 0
1.06131 0.474786 9.76297
129 111 92
3 1 239 0 0 305 0 4 259 0
0.9247 -0.509425 10.7029
70 66 62
3 1 241 0 0 306 0 2 206 0
0.956657 -0.0770177 9.79111
143 124 105
3 1 244 0 0 311 0 3 264 0
1.05996 -1.24029 11.6895
114 110 101
3 1 249 0 0 326 0 2 219 0
1.20893 -1.26025 11.7806
102 99 93
5 1 250 0 0 325 0 2 218 0 4 267 0 5 246 0
1.12653 -1.17902 11.7833
28 26 27
5 1 251 0 0 327 0 2 220 0 3 271 0 6 234 0
-0.301063 1.39479 9.59965
165 146 128
5 1 259 0 0 337 0 5 257 0 6 260 0 7 284 0
0.216921 1.43421 9.43939
175 151 130
4 1 260 0 0 335 0 2 226 0 3 283 0
2.5564 0.771961 10.4326
126 111 99
4 1 268 0 0 347 0 2 266 0 3 304 0
2.3973 0.893463 10.5123
84 70 57
4 1 269 0 0 346 0 2 268 0 3 305 0
1.15048 0.640305 9.84648
123 102 79
8 1 279 0 0 397 0 3 346 0 4 323 0 5 316 0 6 292 0 7 277 0 8 263 0
-0.115558 -0.659859 10.083
25 21 17
7 1 280 0 0 378 0 2 254 0 3 326 0 6 270 0 7 252 0 8 240 0
-0.681609 0.420123 10.1019
120 105 90
3 1 286 0 0 370 0 3 313 0
-0.147744 -0.0144104 9.41507
142 125 109
5 1 287 0 0 375 0 2 250 0 3 320 0 7 259 0
1.24768 -1.14208 11.8231
23 22 21
6 1 291 0 0 379 0 3 329 0 5 294 0 8 241 0 7 263 0
2.34368 0.618731 10.7222
84 74 68
4 1 293 0 0 398 0 2 261 0 5 309 0
2.3889 0.64049 10.7475
129 115 106
3 1 295 0 0 396 0 3 347 0
-0.141455 0.734436 9.19925
151 129 104
5 1 296 0 0 393 0 3 341 0 5 310 0 6 287 0
1.10256 0.809969 9.91378
39 31 21
5 1 298 0 0 382 0 3 337 0 5 306 0 6 283 0
2.723 0.975175 10.5549
149 131 115
3 1 300 0 0 388 0 2 270 0
1.26746 -1.27947 11.8246
109 104 90
5 2 77 0 0 95 0 3 22 0 4 26 0 5 21 0
2.42729 0.612053 10.5714
89 77 66
3 2 85 0 0 40 0 3 51 0
0.81031 1.20189 9.74147
137 125 112
7 2 90 0 0 64 0 3 38 0 1 229 0 4 75 0 5 44 0 6 53 0
0.219948 1.46518 9.53807
166 144 123
10 2 99 0 0 100 0 3 41 0 7 66 0 8 55 0 9 64 0 10 71 0 11 126 0 12 106 0 13 183 0
0.748475 1.42781 9.72933
134 121 106
9 2 102 0 0 111 0 3 40 0 5 42 0 7 43 0 8 41 0 9 39 0 10 38 0 11 43 0
-0.0298895 -2.10463 14.0008
85 77 66
3 2 131 0 0 173 0 4 73 0
0.701045 1.11837 9.68378
161 140 122
3 2 138 0 0 197 0 6 116 0
1.01299 0.116283 9.7428
106 91 75
8 2 172 0 0 143 0 1 216 0 5 111 0 6 92 0 7 180 0 9 108 0 11 221 0
-0.0633537 -0.0231882 9.38956
153 135 119
3 2 174 0 0 151 0 6 74 0
0.981154 1.41373 9.84285
145 129 113
4 2 195 0 0 208 0 3 100 0 6 81 0
-1.71006 0.0643231 11.089
91 90 86
3 2 201 0 0 203 0 5 67 0
1.06255 -1.24849 11.7395
103 97 86
7 2 228 0 0 355 0 1 277 0 3 272 0 4 268 0 5 247 0 6 233 0
1.84696 0.297301 11.7323
90 89 86
3 2 230 0 0 358 0 6 265 0
1.80039 0.169229 11.5266
56 48 41
3 2 249 0 0 373 0 3 318 0
1.1928 0.713921 9.86894
92 87 79
7 2 264 0 0 392 0 3 343 0 4 319 0 5 312 0 6 286 0 7 281 0
-0.21336 0.780277 9.41602
86 73 63
3 2 265 0 0 348 0 3 338 0
-0.0863137 0.0111801 9.3493
145 124 103
6 3 11 0 0 19 0 6 7 0 7 14 0 8 10 0 9 12 0
-0.206821 0.540188 9.20499
120 102 84
3 3 63 0 0 145 0 5 33 0
1.73839 -0.740358 12.157
86 83 76
3 3 119 0 0 263 0 6 108 0
2.38881 0.576801 10.6696
104 92 83
4 3 131 0 0 202 0 4 152 0 5 133 0
1.79977 -1.24861 12.0307
84 84 79
4 3 132 0 0 297 0 4 199 0 5 137 0
0.269674 0.76174 9.38346
128 103 83
5 3 156 0 0 225 0 4 176 0 9 142 0 11 152 0
0.270053 0.761434 9.38016
133 107 87
4 3 157 0 0 224 0 4 177 0 9 143 0
0.482754 1.00919 9.59387
129 108 86
6 3 158 0 0 251 0 5 194 0 6 165 0 7 202 0 9 176 0
1.8903 0.727686 11.3392
107 98 89
5 3 168 0 0 286 0 4 187 0 5 164 0 6 154 0
0.751566 0.397406 9.63736
157 134 114
3 3 171 0 0 237 0 7 139 0
0.751566 0.397406 9.63736
157 134 114
3 3 172 0 0 238 0 7 138 0
1.038 1.33941 9.86569
116 99 84
6 3 218 0 0 256 0 6 193 0 9 121 0 11 134 0 13 157 0
0.320294 0.922958 9.37104
136 106 83
5 3 225 0 0 267 0 5 233 0 6 183 0 7 174 0
2.40726 0.300584 10.4017
86 69 56
3 3 236 0 0 249 0 4 246 0
1.20576 0.655026 9.85531
30 23 16
4 3 284 0 0 339 0 1 256 0 4 279 0
-2.94338 -0.14052 14.1663
90 87 79
3 3 309 0 0 357 0 5 291 0
2.3415 0.574587 10.6545
113 98 86
4 3 352 0 0 399 0 5 282 0 6 294 0
0.626035 0.548754 9.52973
108 86 63
7 2 4 0 1 1 0 3 1 0 4 1 0 5 2 0 7 2 0 9 1 0
0.676719 -0.179705 10.0321
135 117 100
4 2 53 0 1 36 0 3 30 0 7 37 0
-0.140236 -0.0138183 9.39718
140 122 103
6 2 98 0 1 60 0 3 53 0 5 38 0 6 47 0 7 111 0
1.05948 0.841505 9.93545
30 22 15
6 2 123 0 1 16 0 3 44 0 4 52 0 5 46 0 6 27 0
2.38706 0.640811 10.7583
126 112 98
4 2 134 0 1 103 0 3 76 0 6 63 0
0.347999 1.04383 9.50352
148 120 99
5 2 145 0 1 86 0 3 64 0 4 175 0 5 88 0
0.137845 0.729264 9.36885
112 85 63
7 2 153 0 1 112 0 3 137 0 4 104 0 5 84 0 6 149 0 7 148 0
1.01199 0.115469 9.74409
108 92 74
7 2 171 0 1 217 0 3 95 0 4 114 0 5 110 0 6 93 0 7 181 0
-0.0697696 -0.235403 9.86326
143 119 100
5 2 187 0 1 148 0 3 87 0 5 180 0 6 44 0
0.698039 1.07066 9.66608
149 125 104
6 2 271 0 1 270 0 3 306 0 4 280 0 5 256 0 7 246 0
1.01688 -0.996883 11.766
72 68 60
9 3 13 0 1 12 0 5 14 0 6 4 0 7 11 0 8 7 0 9 9 0 10 8 0 11 8 0
0.184857 0.433449 9.44353
149 125 104
3 3 34 0 1 23 0 6 21 0
0.320188 -1.22164 10.1101
124 108 87
14 3 93 0 1 154 0 2 192 0 4 116 0 5 89 0 6 54 0 7 21 0 8 21 0 9 31 0 10 33 0 11 149 0 12 142 0 13 177 0 14 197 0
0.370229 1.19571 9.52204
105 74 55
10 3 107 0 1 206 0 4 191 0 5 150 0 6 99 0 7 85 0 8 53 0 9 57 0 10 55 0 11 112 0
-1.63942 0.224911 11.0181
110 109 104
4 3 109 0 1 137 0 4 84 0 5 87 0
0.116694 -0.627723 9.88127
141 115 90
5 3 122 0 1 194 0 4 192 0 5 161 0 8 126 0
1.10755 -1.12269 11.7599
21 20 20
7 3 133 0 1 164 0 4 144 0 5 155 0 6 115 0 7 124 0 11 120 0
1.10762 -1.12257 11.7602
22 21 21
9 3 134 0 1 165 0 4 145 0 5 154 0 6 114 0 7 125 0 8 86 0 10 106 0 11 121 0
2.42785 0.326381 10.3859
116 99 85
3 3 155 0 1 180 0 5 123 0
0.571543 0.45827 9.49411
110 91 72
6 3 176 0 1 215 0 4 232 0 5 181 0 6 146 0 7 150 0
2.2927 0.439558 10.4315
111 95 79
5 3 184 0 1 184 0 4 223 0 5 189 0 6 159 0
-1.64302 0.365943 11.0612
114 115 111
4 3 186 0 1 211 0 5 142 0 6 164 0
2.46188 0.289972 10.3964
115 99 84
3 3 215 0 1 237 0 5 156 0
-0.692285 0.432882 10.1421
105 90 74
3 3 227 0 1 199 0 5 95 0
0.28311 1.03227 9.43079
160 137 110
4 3 254 0 1 233 0 4 252 0 5 217 0
2.36651 0.578145 10.6526
109 94 82
3 3 297 0 1 264 0 6 252 0
0.406177 -0.68115 10.3165
21 16 11
3 3 325 0 1 290 0 6 269 0
0.978634 1.41582 9.85543
136 120 104
3 3 334 0 1 302 0 7 251 0
1.20329 0.651587 9.85456
27 20 14
6 3 17 0 2 19 0 4 18 0 5 17 0 6 10 0 7 19 0
2.39995 0.899767 10.549
78 62 49
3 3 33 0 2 67 0 5 24 0
0.254904 1.08699 9.44703
154 127 104
4 3 83 0 2 146 0 4 93 0 5 79 0
2.01811 0.0970042 10.819
71 59 48
3 3 106 0 2 181 0 6 78 0
-0.0544747 -0.10045 9.57952
93 77 62
3 3 110 0 2 194 0 5 214 0
1.01348 -1.30133 11.763
46 45 42
4 3 123 0 2 205 0 6 117 0 7 96 0
1.88026 0.223283 11.3406
50 42 32
3 3 293 0 2 239 0 6 249 0
1.20511 0.654041 9.86153
28 20 13
5 3 300 0 2 232 0 4 292 0 5 251 0 7 233 0
2.07184 0.434768 11.5351
103 92 83
4 4 272 0 0 369 0 1 272 0 5 260 0
0.0876375 0.705137 9.27359
128 113 94
8 4 318 0 0 395 0 5 313 0 7 272 0 8 234 0 9 229 0 10 248 0 11 285 0
0.757957 1.0501 9.66253
102 78 60
3 4 46 0 1 24 0 5 19 0
1.02583 0.951005 9.93384
141 121 101
3 4 188 0 1 157 0 5 125 0
1.15916 0.64141 9.84681
117 98 73
7 4 193 0 1 198 0 6 152 0 7 156 0 8 151 0 9 145 0 10 152 0
0.0834328 0.666026 9.26643
120 90 66
6 4 212 0 1 214 0 5 197 0 6 155 0 9 160 0 11 219 0
-0.192469 0.722663 9.26064
147 126 103
3 4 317 0 1 294 0 5 311 0
0.346032 0.229337 9.68124
143 117 96
8 4 95 0 3 111 0 5 107 0 6 101 0 7 134 0 8 98 0 9 101 0 10 76 0
-0.0866078 1.27158 9.36992
122 99 76
5 4 112 0 3 161 0 5 135 0 6 137 0 7 189 0
0.920824 1.38792 9.79126
136 123 112
3 4 123 0 3 80 0 5 70 0
0.133433 -1.2289 10.1268
141 115 90
9 4 136 0 3 165 0 5 163 0 6 166 0 7 185 0 8 162 0 10 178 0 11 190 0 12 165 0
0.523694 0.257303 9.60059
100 85 70
12 4 156 0 3 204 0 5 174 0 6 132 0 7 141 0 8 81 0 9 88 0 10 86 0 11 89 0 12 56 0 13 46 0 14 30 0
1.1222 1.18141 9.91688
129 115 99
7 4 167 0 3 163 0 5 159 0 6 142 0 7 164 0 8 142 0 10 143 0
1.11073 -1.20421 11.7378
21 18 19
8 4 178 0 3 143 0 5 152 0 6 139 0 7 153 0 8 141 0 9 128 0 11 129 0
-1.30452 0.640768 11.3023
100 99 92
4 4 214 0 3 201 0 5 195 0 6 180 0
1.41009 -0.890879 11.9792
76 72 65
8 4 239 0 3 206 0 5 207 0 6 161 0 7 151 0 8 111 0 9 115 0 10 108 0
1.4109 -0.891809 11.9852
79 75 68
3 4 240 0 3 205 0 5 206 0
0.206612 -0.164576 9.8457
126 112 95
7 4 248 0 3 242 0 6 182 0 10 196 0 12 129 0 14 172 0 15 128 0
0.16842 -1.15479 10.0509
200 185 159
3 4 281 0 3 287 0 5 278 0
0.904311 -0.00595752 9.72101
141 121 94
3 4 61 0 2 157 0 5 66 0
1.78778 0.54757 11.9182
73 70 61
3 4 71 0 2 170 0 6 76 0
0.506094 -0.1844 9.99179
108 90 75
3 4 190 0 2 142 0 5 83 0
0.934546 -0.839695 11.7885
68 62 57
7 5 5 0 0 8 0 6 0 0 7 3 0 8 1 0 9 3 0 10 0 0
2.05752 0.430749 11.4249
99 89 80
4 5 25 0 0 97 0 3 72 0 2 104 0
-1.63932 0.0348918 10.9561
121 122 119
4 5 114 0 0 241 0 4 110 0 6 163 0
1.78931 -0.767433 12.1782
105 104 99
4 5 213 0 0 299 0 6 187 0 7 166 0
1.78037 0.184307 11.5677
33 29 26
3 5 289 0 0 372 0 4 304 0
0.979821 1.41368 9.84502
143 127 110
3 5 302 0 0 385 0 6 259 0
0.636197 -1.15379 10.3728
49 46 43
3 5 241 0 2 217 0 6 230 0
0.39917 1.05073 9.60231
116 86 63
3 5 92 0 3 154 0 6 125 0
0.0256019 1.46818 9.48446
161 141 115
3 5 96 0 3 103 0 6 106 0
1.81132 0.851057 11.5941
101 87 74
3 5 119 0 3 234 0 4 62 0
1.75268 0.622467 11.7214
111 97 84
4 5 128 0 3 149 0 6 150 0 7 203 0
0.237973 0.132914 9.62446
111 94 78
3 5 138 0 3 174 0 6 134 0
-0.0858543 -0.771451 9.91742
101 82 65
3 5 153 0 4 125 0 6 212 0
1.79907 0.698717 11.5622
80 68 59
3 5 162 0 3 224 0 6 198 0
1.27368 -1.19545 11.8127
90 90 82
5 5 167 0 3 199 0 7 154 0 8 96 0 9 92 0
-2.97923 2.41448 14.8245
158 150 143
3 5 168 0 3 145 0 6 111 0
0.131737 0.116873 9.77936
163 129 107
3 5 170 0 3 222 0 6 192 0
0.810973 -0.352185 10.0806
114 97 83
3 5 179 0 3 124 0 6 85 0
0.843002 -1.4423 12.2156
89 83 73
3 5 198 0 3 192 0 6 171 0
0.900242 0.360439 9.69143
114 98 80
4 5 211 0 3 160 0 6 118 0 7 108 0
-0.0972973 -0.0808871 9.41546
109 93 75
4 5 218 0 3 210 0 6 190 0 7 193 0
0.433753 -0.21095 9.95427
99 84 70
9 5 231 0 3 251 0 6 201 0 8 175 0 10 190 0 11 225 0 13 253 0 15 232 0 17 248 0
1.08331 0.738312 9.85881
118 96 73
3 5 253 0 3 280 0 6 242 0
1.09495 0.74205 9.87074
110 89 65
3 5 269 0 3 303 0 6 256 0
0.209808 1.46721 9.54286
160 138 114
7 5 274 0 3 307 0 7 249 0 8 252 0 9 251 0 10 272 0 11 311 0
0.144443 -1.12918 10.2401
124 107 85
3 5 280 0 3 332 0 6 278 0
1.27482 -1.19113 11.8179
90 91 84
8 5 296 0 3 330 0 6 274 0 7 264 0 8 243 0 9 235 0 10 247 0 11 298 0
0.192505 -1.14223 10.0146
193 180 155
6 5 298 0 3 345 0 6 290 0 9 221 0 10 224 0 11 249 0
0.350595 1.04389 9.48309
146 119 96
3 5 303 0 3 336 0 6 258 0
1.13539 0.682806 9.86372
126 105 79
6 5 315 0 3 333 0 4 320 0 2 263 0 6 289 0 7 280 0
0.707505 0.754092 9.55927
149 124 102
2 5 3 0 4 4 0
0.687097 0.475478 9.52177
115 93 72
2 5 8 0 4 8 0
-0.0694085 0.112342 9.34661
148 125 101
2 5 9 0 4 11 0
0.63727 -1.15466 10.3025
47 44 41
2 5 13 0 4 9 0
0.757377 1.04729 9.64436
100 76 58
2 5 18 0 4 47 0
-0.112154 -0.522711 10.1745
84 80 70
2 5 47 0 4 39 0
1.99983 0.277317 11.8386
92 79 67
2 5 52 0 4 219 0
0.615822 1.21529 9.67295
154 131 110
2 5 55 0 4 76 0
-0.1227 -0.662166 10.118
19 15 11
2 5 60 0 4 108 0
1.22206 0.364151 9.80304
79 75 66
2 5 68 0 4 54 0
0.921041 1.38935 9.79538
136 124 112
2 5 71 0 4 122 0
0.087262 0.704847 9.26436
134 116 93
2 5 77 0 4 81 0
0.613047 1.13585 9.66421
148 122 101
2 5 82 0 4 92 0
0.437281 1.15771 9.5808
125 101 80
2 5 93 0 4 126 0
0.437281 1.15771 9.5808
125 101 80
2 5 94 0 4 127 0
0.390244 1.11588 9.53403
122 86 62
2 5 103 0 4 117 0
0.390244 1.11588 9.53403
122 86 62
2 5 104 0 4 118 0
-1.7005 0.405701 11.1604
79 79 72
2 5 108 0 4 40 0
1.06022 -0.546169 11.9583
96 95 87
2 5 112 0 4 143 0
-0.0459058 -0.739346 9.87356
140 115 92
2 5 117 0 4 98 0
2.03214 0.432088 11.6282
100 87 78
2 5 132 0 4 196 0
-0.0140287 0.956757 9.40196
153 114 85
2 5 140 0 4 221 0
0.612372 -0.847063 10.2859
116 97 75
2 5 141 0 4 249 0
-1.6473 0.529062 11.1162
110 110 104
2 5 146 0 4 133 0
1.11049 -1.20409 11.7387
21 17 18
4 5 151 0 4 179 0 6 138 0 11 130 0
2.00088 0.807966 11.1499
103 93 84
2 5 157 0 4 189 0
-1.64377 0.144678 10.9988
120 121 116
2 5 182 0 4 202 0
1.10316 0.508151 9.72724
146 123 100
2 5 183 0 4 130 0
-0.124075 0.0400027 9.33337
108 88 73
2 5 190 0 4 203 0
-0.230869 1.3389 9.52756
171 150 123
2 5 191 0 4 160 0
1.79556 0.613879 11.6351
85 74 65
3 5 202 0 4 228 0 6 195 0
1.79556 0.613879 11.6351
85 74 65
3 5 203 0 4 229 0 6 196 0
-1.65206 0.820953 11.206
107 106 100
3 5 212 0 4 181 0 6 219 0
0.725337 0.747598 9.59161
153 127 104
3 5 228 0 4 236 0 6 188 0
0.150648 1.31891 9.4868
146 121 101
2 5 230 0 4 158 0
0.170296 -1.15679 10.0397
197 184 158
2 5 245 0 4 266 0
0.624836 -1.13296 10.3622
47 45 42
2 5 297 0 4 314 0
0.0962086 0.629529 9.25472
131 116 100
3 6 70 0 0 161 0 7 92 0
1.05388 0.847154 9.96346
43 33 24
4 6 282 0 0 390 0 4 316 0 2 267 0
1.22681 0.489569 9.78403
137 122 100
6 6 298 0 1 284 0 4 306 0 3 321 0 7 253 0 8 236 0
-0.0218659 -0.667203 9.94509
121 103 82
3 6 22 0 2 55 0 7 146 0
1.20819 -1.34237 11.9353
72 65 57
4 6 34 0 3 62 0 7 42 0 8 44 0
0.905825 0.735822 9.72646
125 103 76
5 6 62 0 3 99 0 7 29 0 8 29 0 9 20 0
0.898905 0.36022 9.69759
114 98 81
3 6 119 0 3 159 0 7 107 0
1.07515 -1.30561 11.8134
73 68 61
7 6 133 0 3 146 0 7 152 0 8 134 0 9 124 0 10 116 0 11 170 0
0.206354 -0.165325 9.84825
126 112 94
4 6 181 0 3 241 0 10 195 0 12 128 0
0.746795 -0.566316 11.7875
67 62 54
5 6 184 0 3 247 0 7 184 0 8 148 0 9 136 0
0.746795 -0.566316 11.7875
67 62 54
5 6 185 0 3 248 0 7 183 0 8 149 0 9 135 0
0.984574 -0.282556 11.9887
93 92 86
9 6 186 0 3 240 0 7 176 0 8 130 0 9 132 0 10 128 0 11 139 0 12 86 0 13 136 0
1.18387 -1.22934 11.764
83 82 75
6 6 199 0 3 232 0 7 158 0 8 125 0 9 122 0 10 122 0
1.16318 -1.18944 11.7752
20 19 19
7 6 275 0 3 331 0 7 265 0 8 245 0 9 236 0 10 260 0 11 300 0
2.2818 0.513007 10.6109
92 79 67
4 6 295 0 3 354 0 7 274 0 9 247 0
2.21853 0.926823 10.6306
95 80 68
3 7 51 0 2 88 0 8 62 0
2.21853 0.926823 10.6306
100 85 73
3 7 52 0 2 87 0 8 63 0
1.13349 -1.17295 11.7623
30 30 30
5 7 13 0 5 16 0 8 6 0 9 7 0 10 7 0
0.986347 -0.281821 11.984
94 93 87
4 7 177 0 5 224 0 8 131 0 10 129 0
0.91513 -0.644516 11.84
83 80 74
8 7 208 0 5 229 0 8 181 0 10 163 0 11 192 0 12 125 0 13 176 0 14 193 0
0.557774 -0.589523 10.3479
118 101 84
6 7 4 0 6 1 0 8 3 0 9 4 0 10 2 0 11 0 0
0.865432 0.506524 9.61272
131 112 91
8 7 86 0 6 77 0 8 65 0 9 62 0 10 61 0 11 68 0 12 45 0 13 64 0
0.0703216 0.736918 9.28599
110 85 60
5 7 191 0 6 197 0 8 171 0 9 159 0 10 175 0
-0.0992928 -0.0816125 9.42076
107 91 73
3 7 192 0 6 189 0 8 174 0
1.03526 0.0754637 9.75375
125 110 92
5 7 195 0 6 210 0 8 145 0 9 166 0 10 191 0
1.19346 -1.12845 11.7983
29 28 27
6 7 198 0 6 207 0 8 157 0 9 150 0 10 140 0 11 137 0
0.96239 -0.178892 12.0171
83 84 80
9 7 213 0 6 214 0 8 183 0 9 167 0 10 161 0 11 184 0 12 123 0 13 170 0 14 162 0
0.900006 -1.34775 11.9625
43 41 37
3 7 227 0 6 231 0 10 212 0
1.11196 -1.20312 11.7431
20 18 20
3 7 266 0 6 276 0 11 301 0
1.21899 -0.631962 11.9694
98 97 91
5 8 105 0 3 153 0 9 97 0 10 89 0 11 92 0
0.829512 -0.263023 11.9224
54 49 44
7 8 139 0 6 200 0 10 133 0 13 151 0 14 126 0 16 118 0 18 176 0
1.13441 -1.17095 11.7606
31 31 31
4 8 5 0 7 12 0 9 8 0 10 6 0
1.06085 0.33113 9.91502
134 112 87
3 8 12 0 7 18 0 9 11 0
-0.0489933 -0.178944 9.83526
127 107 88
6 8 13 0 7 20 0 9 14 0 10 14 0 11 15 0 12 14 0
0.904438 0.733201 9.73196
124 102 76
4 8 28 0 7 30 0 9 21 0 10 18 0
1.16645 -1.18845 11.7651
20 18 19
5 8 54 0 7 69 0 9 44 0 10 34 0 11 29 0
-1.64712 0.261902 11.0823
86 87 80
3 8 72 0 7 87 0 9 95 0
-0.0600245 -0.0288913 9.37941
132 116 97
4 8 133 0 7 142 0 9 158 0 10 150 0
0.145752 0.695738 9.32576
124 106 81
5 8 154 0 7 201 0 9 134 0 11 141 0 13 164 0
1.24435 -1.10185 11.8419
93 92 87
4 8 159 0 7 206 0 9 141 0 10 148 0
0.385228 -0.828918 11.5515
95 92 84
6 8 168 0 7 167 0 10 168 0 12 157 0 14 217 0 16 243 0
0.385228 -0.828918 11.5515
95 92 84
6 8 169 0 7 168 0 10 170 0 12 158 0 14 218 0 16 242 0
0.1409 0.580809 9.28158
130 110 87
4 8 176 0 7 209 0 9 165 0 10 189 0
1.05465 -1.23057 11.7103
88 85 76
4 8 193 0 7 225 0 9 190 0 10 214 0
2.26413 0.453066 10.5711
103 89 74
3 8 221 0 7 241 0 9 215 0
2.23331 0.489394 10.5665
19 13 8
3 8 223 0 7 271 0 9 214 0
0.393334 1.45631 9.56198
146 126 103
6 8 250 0 7 250 0 9 252 0 10 271 0 11 310 0 12 248 0
0.165907 1.34628 9.46323
137 121 105
6 9 104 0 4 86 0 10 110 0 11 165 0 12 139 0 13 226 0
1.1143 -1.12279 11.7521
22 21 21
7 9 218 0 4 312 0 6 272 0 3 328 0 8 229 0 10 257 0 11 297 0
0.873403 -0.382942 11.9274
63 57 51
4 9 13 0 7 17 0 10 16 0 11 16 0
0.852639 0.300375 9.70787
135 116 95
4 9 48 0 7 103 0 10 32 0 11 38 0
-2.31905 -1.42358 12.3298
79 74 64
3 9 195 0 7 229 0 10 246 0
0.249946 -1.19358 10.0991
141 124 102
8 9 26 0 8 25 0 10 31 0 11 74 0 12 102 0 13 160 0 14 207 0 15 214 0
0.607556 0.990506 9.56852
93 75 59
3 9 28 0 8 23 0 10 36 0
0.286939 0.97717 9.41392
96 72 52
7 9 33 0 8 48 0 10 37 0 11 52 0 12 48 0 13 104 0 14 103 0
-1.6014 -0.927058 10.6648
59 59 52
4 9 58 0 8 30 0 10 75 0 12 161 0
-0.150469 1.44573 9.52285
137 121 100
3 9 72 0 8 43 0 10 130 0
0.78333 0.927702 9.79916
130 105 82
4 9 74 0 8 109 0 10 45 0 11 27 0
-6.03493 2.98687 14.4587
76 73 62
3 9 81 0 8 77 0 10 84 0
0.32634 -0.270211 11.7021
92 90 83
6 9 84 0 8 82 0 10 69 0 12 61 0 13 82 0 14 77 0
0.406323 -0.730927 10.2601
116 97 78
5 9 87 0 8 95 0 10 74 0 11 65 0 12 43 0
0.118329 1.46504 9.51614
139 124 105
3 9 127 0 8 122 0 10 156 0
0.158481 0.544561 9.27146
104 79 57
8 9 144 0 8 161 0 10 126 0 13 174 0 14 202 0 15 177 0 16 206 0 17 225 0
0.362955 -0.799582 11.5461
67 62 53
6 9 152 0 8 164 0 11 202 0 12 147 0 13 204 0 14 199 0
0.362373 -0.799673 11.5462
67 63 53
5 9 153 0 8 163 0 12 148 0 13 203 0 14 198 0
0.139588 0.581709 9.28368
128 110 87
5 9 163 0 8 177 0 10 188 0 11 195 0 12 163 0
0.408417 -1.27678 11.7206
42 39 35
3 9 202 0 8 208 0 10 226 0
0.187412 1.45006 9.55686
152 130 104
5 9 210 0 8 214 0 10 234 0 12 232 0 11 277 0
0.801739 0.704151 9.5888
133 114 95
7 10 22 0 2 39 0 11 30 0 12 34 0 13 54 0 14 97 0 15 198 0
2.266 0.376559 10.3724
96 79 62
6 10 25 0 9 27 0 11 32 0 12 19 0 13 29 0 14 48 0
0.660532 -0.0107868 10.9069
101 91 80
3 10 26 0 9 29 0 11 34 0
0.230869 0.970256 9.41549
134 109 88
4 10 63 0 9 38 0 11 111 0 12 121 0
0.185264 -0.109902 11.6931
61 57 49
8 10 67 0 9 77 0 11 71 0 12 54 0 13 85 0 14 71 0 15 78 0 16 100 0
2.23067 0.433203 10.3959
17 13 9
4 10 82 0 9 66 0 11 63 0 12 20 0
2.23067 0.433203 10.3959
17 13 9
4 10 83 0 9 65 0 11 62 0 12 21 0
2.25717 0.440613 10.4254
107 92 74
5 10 85 0 9 85 0 11 88 0 12 64 0 13 84 0
1.21305 -0.632324 11.9809
96 96 89
3 10 90 0 9 96 0 11 91 0
-6.4692 2.87837 14.2313
145 145 140
3 10 158 0 9 157 0 11 168 0
-6.39268 3.01565 14.2569
81 78 69
3 10 177 0 9 151 0 11 214 0
-1.61958 -0.925269 10.6846
68 68 61
3 10 264 0 9 224 0 12 271 0
2.56902 0.259603 10.3306
79 64 53
4 11 181 0 3 229 0 12 136 0 13 201 0
2.56902 0.259603 10.3306
79 64 53
4 11 182 0 3 228 0 12 137 0 13 200 0
1.00736 0.581711 9.66948
140 118 95
9 11 6 0 10 11 0 12 4 0 13 2 0 14 4 0 15 8 0 16 11 0 17 11 0 18 10 0
0.526168 -1.23265 11.4839
40 40 39
5 11 39 0 10 19 0 13 180 0 12 135 0 14 137 0
0.686032 0.779364 11.2081
106 95 85
3 11 40 0 10 56 0 12 17 0
0.0922161 1.44773 9.47543
139 120 96
3 11 69 0 10 54 0 12 65 0
0.315778 0.737378 12.0131
62 58 54
4 11 80 0 10 73 0 12 53 0 13 68 0
1.23525 0.496522 9.77261
149 132 108
7 11 107 0 10 77 0 12 80 0 13 144 0 14 163 0 15 171 0 16 213 0
0.250065 0.741724 11.9945
60 57 52
4 11 127 0 10 135 0 12 92 0 13 94 0
2.43595 0.178636 10.3676
66 50 37
3 11 138 0 10 134 0 12 83 0
0.329493 1.17611 9.51582
103 76 57
3 11 151 0 10 88 0 12 134 0
0.154121 1.06407 9.44363
96 73 52
3 11 167 0 10 117 0 12 171 0
1.23609 0.560456 9.78729
108 93 69
3 11 187 0 10 187 0 12 107 0
2.47559 0.176136 10.3781
66 50 37
4 11 204 0 10 154 0 12 156 0 13 252 0
0.943225 0.43515 10.7785
49 46 41
3 11 229 0 10 202 0 12 179 0
-1.63846 -0.996455 10.8336
77 71 61
3 11 280 0 10 267 0 12 270 0
0.446128 1.06722 9.59023
133 101 77
4 12 7 0 11 5 0 13 6 0 14 7 0
0.811206 1.04364 9.72535
132 113 92
7 12 9 0 11 13 0 13 5 0 14 5 0 15 11 0 16 12 0 17 10 0
0.629532 0.104156 9.7611
102 90 77
3 12 16 0 11 22 0 13 39 0
-7.46328 3.04866 13.4398
123 120 111
3 12 25 0 11 36 0 13 36 0
1.00022 0.497401 9.67256
106 85 62
7 12 35 0 11 42 0 13 43 0 14 61 0 15 96 0 16 140 0 17 262 0
0.137355 -0.177656 9.83692
118 104 90
5 12 42 0 11 53 0 13 80 0 14 101 0 15 123 0
0.524926 -0.132014 10.0015
136 115 96
4 12 46 0 11 101 0 13 72 0 14 122 0
-0.0716969 0.0264344 9.3413
131 114 98
6 12 50 0 11 44 0 13 93 0 14 112 0 15 115 0 16 175 0
0.204505 0.745458 11.9566
66 62 58
3 12 60 0 11 84 0 13 71 0
2.61685 0.420671 10.2312
84 71 59
5 12 63 0 11 73 0 13 123 0 14 150 0 15 151 0
-0.395818 1.81711 8.60024
89 86 77
3 12 66 0 11 59 0 13 101 0
0.115367 0.694118 9.30278
107 81 57
5 12 69 0 11 100 0 13 143 0 14 169 0 15 184 0
0.344671 0.772007 12.0051
88 87 82
3 12 70 0 11 90 0 13 92 0
1.23207 0.449926 9.76897
109 95 79
6 12 77 0 11 135 0 13 113 0 14 107 0 15 80 0 16 90 0
0.226477 0.226192 9.62835
143 118 96
3 12 113 0 11 177 0 13 150 0
-0.131383 0.0466268 9.32403
98 82 66
3 12 115 0 11 122 0 14 225 0
-7.51136 2.98602 13.4193
107 98 87
3 12 127 0 11 147 0 13 194 0
-0.0183174 1.83123 8.61644
69 67 55
6 12 140 0 11 227 0 14 189 0 15 173 0 16 187 0 17 251 0
-7.51114 3.05312 13.3435
135 123 99
3 12 144 0 11 178 0 13 224 0
0.982932 1.31294 9.79673
139 122 105
12 12 150 0 11 211 0 13 166 0 14 152 0 15 118 0 16 134 0 17 138 0 18 140 0 19 210 0 20 162 0 21 183 0 22 149 0
0.40908 0.532498 9.4294
121 104 83
5 12 153 0 11 206 0 13 261 0 14 224 0 15 240 0
-0.417685 1.877 8.54043
118 117 112
3 12 162 0 11 203 0 13 209 0
-0.0632701 1.82788 8.65035
108 107 98
6 12 168 0 11 208 0 13 230 0 14 214 0 16 201 0 18 201 0
0.373459 -1.10978 10.0306
141 124 99
5 12 175 0 11 200 0 14 220 0 15 202 0 16 231 0
-7.34473 3.01789 13.3604
122 120 111
3 12 243 0 11 274 0 13 451 0
2.26046 0.439147 10.4178
109 93 75
5 13 347 0 9 243 0 11 306 0 10 281 0 12 293 0
0.152228 0.655409 9.30502
131 111 88
6 13 195 0 10 182 0 14 194 0 15 183 0 16 200 0 17 263 0
0.150068 0.693695 9.3216
127 108 82
3 13 165 0 11 140 0 14 181 0
-7.06704 3.41451 12.1733
123 118 110
3 13 38 0 12 33 0 14 47 0
0.202434 1.31667 9.4739
100 81 62
7 13 42 0 12 27 0 14 41 0 15 54 0 16 79 0 17 87 0 18 145 0
0.767906 1.09586 9.66571
104 81 63
3 13 47 0 12 31 0 15 152 0
0.591672 0.497104 10.9876
12 7 6
4 13 55 0 12 67 0 14 28 0 15 23 0
0.869277 0.505399 9.61069
129 111 91
10 13 63 0 12 44 0 14 64 0 15 67 0 16 78 0 17 78 0 18 87 0 19 144 0 20 124 0 21 167 0
-7.08186 1.95564 11.8457
109 105 96
4 13 69 0 12 49 0 14 70 0 15 99 0
2.67725 0.521072 10.2473
119 105 89
3 13 124 0 12 81 0 14 124 0
-7.09673 3.45875 12.2678
65 59 52
3 13 128 0 12 85 0 14 113 0
0.455117 0.096634 9.86602
137 116 96
3 13 140 0 12 154 0 14 121 0
0.208199 0.715113 9.36963
109 85 63
4 13 168 0 12 89 0 14 180 0 15 200 0
1.16086 1.1941 9.87354
109 92 75
3 13 175 0 12 124 0 15 168 0
0.00396695 0.162066 9.59844
148 120 100
6 13 210 0 12 152 0 14 149 0 15 139 0 18 74 0 19 45 0
2.66318 0.303542 10.2821
121 105 90
3 13 212 0 12 118 0 14 176 0
2.67017 0.302173 10.2748
126 112 96
6 13 213 0 12 116 0 14 178 0 15 161 0 16 182 0 17 243 0
-7.02002 1.81158 11.8851
111 107 99
4 13 216 0 12 146 0 14 210 0 15 160 0
-0.218189 -0.273027 11.461
91 91 86
3 13 232 0 12 170 0 15 188 0
-0.218189 -0.273027 11.461
91 91 86
3 13 233 0 12 169 0 15 190 0
0.201183 1.80236 8.75893
104 104 99
5 13 238 0 12 178 0 15 185 0 16 142 0 18 138 0
1.00135 0.555476 9.68095
148 125 102
3 13 254 0 12 176 0 14 192 0
0.543573 0.134607 11.0074
117 102 88
4 13 269 0 12 182 0 14 244 0 15 245 0
-7.14718 1.6819 12.055
130 125 121
3 13 295 0 12 203 0 14 266 0
-7.1698 1.78045 11.9531
21 19 18
3 13 296 0 12 204 0 14 268 0
-6.74381 1.8266 11.8164
113 109 103
3 13 297 0 12 205 0 14 269 0
-7.1093 1.77802 11.8657
21 19 17
3 13 383 0 12 268 0 15 385 0
-0.0898141 0.0506408 9.30367
106 89 72
3 13 391 0 12 272 0 14 297 0
-0.152142 0.185903 9.33422
141 138 133
3 13 394 0 12 275 0 14 363 0
-6.8174 1.78892 11.8726
113 108 101
3 13 397 0 12 278 0 14 364 0
-7.05989 3.42201 12.1622
120 113 105
3 13 419 0 12 296 0 14 386 0
0.446962 0.907572 9.41873
93 74 56
4 14 2 0 13 0 0 15 4 0 16 5 0
2.56554 0.169867 10.4198
82 63 50
3 14 20 0 13 24 0 15 17 0
2.64631 0.188423 10.4247
140 121 103
3 14 22 0 13 26 0 15 18 0
2.34855 0.19059 10.3467
91 75 60
4 14 34 0 13 57 0 15 33 0 16 37 0
0.331249 1.07536 9.47466
121 104 86
4 14 35 0 13 49 0 15 43 0 16 54 0
0.696683 0.0899869 9.78169
99 87 73
3 14 37 0 13 32 0 15 70 0
2.68256 0.274111 10.2996
95 78 65
4 14 46 0 13 41 0 16 49 0 17 36 0
-0.064416 -0.30615 9.88553
129 107 88
3 14 50 0 13 21 0 15 65 0
1.05019 -0.078522 9.8028
127 108 86
4 14 57 0 13 52 0 15 61 0 16 60 0
2.54338 0.143605 10.4568
110 98 82
3 14 60 0 13 87 0 15 59 0
2.79833 0.256653 10.3212
99 83 69
5 14 68 0 13 70 0 15 69 0 16 85 0 17 117 0
0.17885 -0.108542 11.6971
61 58 50
4 14 72 0 13 86 0 15 79 0 16 99 0
2.72839 0.174886 10.4471
139 124 107
8 14 74 0 13 98 0 15 57 0 16 51 0 17 47 0 18 48 0 19 71 0 21 66 0
1.06902 0.628574 10.086
119 104 86
3 14 79 0 13 247 0 15 34 0
2.88132 0.277435 10.3252
128 115 98
5 14 80 0 13 103 0 15 91 0 16 88 0 17 100 0
0.375749 1.14842 9.52639
124 104 83
6 14 85 0 13 108 0 15 97 0 16 102 0 17 122 0 18 125 0
0.210879 1.17455 9.48617
131 105 86
3 14 104 0 13 44 0 15 174 0
0.345368 1.12571 9.50311
122 101 82
6 14 106 0 13 106 0 15 103 0 16 129 0 17 183 0 18 197 0
0.988358 -0.0122412 9.93384
127 112 92
5 14 118 0 13 228 0 15 58 0 16 34 0 17 21 0
0.397089 1.08407 9.53895
122 101 82
4 14 132 0 13 138 0 15 116 0 16 136 0
0.0751135 -0.15999 11.6384
65 63 56
6 14 140 0 13 145 0 15 119 0 16 146 0 17 206 0 18 229 0
0.983077 1.31311 9.79673
140 123 105
10 14 151 0 13 167 0 15 117 0 16 133 0 17 139 0 18 141 0 19 211 0 20 161 0 21 184 0 22 150 0
2.8027 0.163889 10.4759
139 122 106
8 14 154 0 13 172 0 15 148 0 16 147 0 17 184 0 18 179 0 19 240 0 21 231 0
2.6915 0.151871 10.4586
66 50 38
5 14 188 0 13 199 0 15 163 0 16 171 0 17 236 0
1.24468 0.567817 9.85028
147 135 114
3 14 191 0 13 231 0 15 175 0
0.248824 -1.19441 10.0993
142 125 105
3 14 208 0 13 161 0 15 215 0
2.83302 0.423477 10.2655
128 116 98
4 14 212 0 13 239 0 15 213 0 16 239 0
0.581547 -0.549019 11.7391
62 56 51
4 14 215 0 13 236 0 15 228 0 16 232 0
0.389255 -0.72704 9.95092
87 71 55
6 14 219 0 13 244 0 15 187 0 16 185 0 17 191 0 18 220 0
2.82759 0.40168 10.2727
101 84 69
3 14 221 0 13 220 0 15 239 0
-0.00773488 -0.0119572 9.46559
132 113 90
12 14 222 0 13 262 0 15 156 0 16 141 0 17 147 0 18 129 0 19 173 0 20 118 0 21 112 0 22 94 0 23 95 0 24 80 0
2.63965 0.186168 10.4216
130 109 88
4 14 305 0 13 336 0 15 322 0 16 326 0
-5.16732 2.8971 10.6877
120 118 115
3 14 316 0 13 339 0 15 299 0
0.242136 0.673741 9.38024
122 108 86
3 14 343 0 13 373 0 15 401 0
0.575932 0.534733 10.943
110 93 75
6 14 417 0 13 430 0 15 444 0 17 468 0 18 495 0 19 672 0
1.12539 0.242967 9.9582
105 89 67
11 15 76 0 13 88 0 16 61 0 17 58 0 18 50 0 19 74 0 20 69 0 21 40 0 22 51 0 23 48 0 24 22 0
0.737958 0.460326 10.9488
67 65 60
3 15 87 0 13 19 0 14 51 0
0.180692 -1.13764 10.0059
192 179 156
8 15 274 0 13 293 0 17 314 0 20 322 0 21 350 0 22 288 0 23 620 0 24 610 0
2.87885 0.278672 10.3255
128 115 98
3 15 426 0 13 351 0 16 377 0
0.395478 0.0948825 9.81546
136 114 94
3 15 39 0 14 38 0 16 50 0
2.87556 0.158154 10.5012
138 119 99
4 15 40 0 14 45 0 16 31 0 17 25 0
1.14463 0.450722 10.1649
144 126 103
10 15 52 0 14 75 0 16 35 0 17 26 0 19 22 0 20 23 0 21 11 0 22 14 0 23 28 0 24 29 0
2.86983 0.138586 10.5433
86 68 54
4 15 62 0 14 236 0 16 47 0 17 41 0
0.0272756 0.196615 9.49609
140 115 92
8 15 72 0 14 120 0 16 63 0 17 44 0 18 38 0 19 53 0 20 43 0 21 36 0
0.758279 0.213201 11.053
13 9 8
3 15 77 0 14 173 0 16 32 0
-0.0385524 0.789119 9.26285
104 84 65
3 15 81 0 14 59 0 16 132 0
0.424966 0.240453 9.6683
128 109 92
3 15 82 0 14 91 0 16 74 0
0.786241 0.393329 9.61642
131 112 92
4 15 85 0 14 83 0 16 110 0 17 179 0
0.990182 0.80636 10.0688
139 124 107
9 15 95 0 14 148 0 16 62 0 17 49 0 18 37 0 19 36 0 20 31 0 21 20 0 22 26 0
2.8501 0.137498 10.5021
88 70 54
3 15 104 0 14 98 0 16 145 0
0.501108 -0.927933 10.1597
132 112 86
10 15 108 0 14 129 0 16 98 0 17 90 0 18 90 0 19 122 0 20 102 0 21 85 0 22 89 0 23 124 0
2.80743 0.143143 10.494
88 72 57
3 15 124 0 14 164 0 16 122 0
1.05325 0.691186 10.0652
127 111 93
11 15 145 0 14 231 0 16 103 0 17 80 0 19 104 0 18 75 0 20 81 0 21 68 0 22 74 0 23 76 0 24 25 0
0.785427 1.08178 9.69379
136 107 82
7 15 166 0 14 216 0 17 146 0 19 132 0 20 122 0 21 136 0 22 128 0
0.398052 1.05536 9.51002
100 73 52
3 15 180 0 14 232 0 16 172 0
1.10397 0.325526 9.87936
161 132 104
6 15 234 0 14 185 0 16 189 0 17 222 0 18 216 0 19 276 0
0.63547 0.100009 11.0148
125 109 89
4 15 248 0 14 248 0 16 254 0 17 267 0
0.586684 -0.431846 10.4114
114 98 81
3 15 319 0 14 298 0 16 371 0
0.989187 0.806769 10.0694
137 123 106
5 15 411 0 14 379 0 16 374 0 17 435 0 18 370 0
2.68674 0.39668 10.2331
139 127 108
3 15 428 0 14 327 0 16 376 0
0.753135 1.4171 9.70446
115 105 94
3 16 67 0 14 24 0 17 91 0
1.27266 1.25583 9.97404
148 133 110
4 16 108 0 14 160 0 17 89 0 19 92 0
0.827832 0.358352 9.62618
94 77 61
3 16 125 0 14 127 0 17 213 0
0.243107 1.82313 8.74934
63 61 54
3 16 130 0 14 56 0 17 162 0
1.15432 0.48081 10.1199
141 121 97
10 16 131 0 14 187 0 17 115 0 18 96 0 19 120 0 20 97 0 21 82 0 22 84 0 23 99 0 24 77 0
0.997158 0.617515 10.234
114 98 77
3 16 3 0 15 5 0 17 0 0
3.01032 0.122854 10.5898
101 87 71
3 16 57 0 15 53 0 17 34 0
0.945701 0.255649 10.6027
113 97 79
7 16 73 0 15 74 0 17 48 0 18 33 0 19 35 0 20 29 0 21 17 0
2.88042 0.277599 10.3256
134 122 106
4 16 89 0 15 90 0 17 101 0 19 179 0
0.549955 0.364497 9.5774
98 82 65
3 16 93 0 15 66 0 17 163 0
2.26532 -0.0241898 11.1687
140 124 105
8 16 95 0 15 112 0 17 111 0 18 103 0 19 153 0 20 119 0 21 126 0 22 86 0
3.08064 0.200405 10.4697
97 84 69
3 16 104 0 15 84 0 17 148 0
3.04733 0.117526 10.6081
93 79 61
3 16 105 0 15 86 0 17 167 0
0.234119 -1.04228 9.88223
93 80 64
4 16 109 0 15 106 0 17 126 0 18 152 0
0.999017 0.861546 10.0619
111 96 79
7 16 114 0 15 153 0 17 113 0 18 82 0 19 83 0 20 75 0 22 57 0
0.219761 1.27526 9.4869
105 96 84
6 16 124 0 15 121 0 17 140 0 18 121 0 19 155 0 20 175 0
2.67135 0.0643533 10.9225
147 131 111
5 16 150 0 15 176 0 17 160 0 18 120 0 19 128 0
1.01652 -0.0490893 9.89578
91 77 60
4 16 153 0 15 243 0 17 116 0 19 65 0
2.2773 -0.00837361 11.1031
136 123 105
9 16 157 0 15 203 0 17 86 0 18 43 0 19 54 0 20 49 0 21 26 0 22 33 0 23 23 0
2.57439 0.250174 10.3589
88 72 59
3 16 158 0 15 210 0 17 231 0
2.73872 0.0870705 10.8164
106 95 81
4 16 161 0 15 196 0 17 173 0 18 172 0
2.79589 0.0917785 10.7934
145 129 110
4 16 174 0 15 219 0 17 171 0 18 157 0
0.28598 0.75951 9.37787
93 77 61
3 16 198 0 15 164 0 17 259 0
2.73489 0.151385 10.4697
83 65 51
3 16 214 0 15 224 0 17 212 0
-0.579812 -0.337995 11.3032
62 61 55
3 16 215 0 15 182 0 17 253 0
0.437699 1.23572 9.57591
129 113 97
4 16 224 0 15 235 0 17 216 0 18 236 0
0.514922 -0.512705 10.368
123 109 92
4 16 257 0 15 249 0 17 270 0 18 243 0
0.705608 0.172505 11.0553
117 100 81
4 16 273 0 15 315 0 17 304 0 18 312 0
0.711057 0.226864 11.0888
14 10 8
4 16 363 0 15 354 0 17 402 0 18 384 0
0.685931 0.203912 11.062
130 110 89
4 16 366 0 15 397 0 17 397 0 22 539 0
2.58952 0.168595 10.4067
83 66 52
6 16 383 0 15 420 0 17 439 0 18 509 0 19 690 0 20 634 0
1.13556 1.17344 9.8908
124 112 96
7 17 75 0 15 131 0 18 51 0 19 59 0 20 42 0 21 28 0 22 36 0
0.391935 -0.727132 9.95058
85 70 55
4 17 193 0 15 186 0 18 218 0 19 287 0
0.610023 0.552703 9.51605
89 73 54
4 17 2 0 16 1 0 18 1 0 19 2 0
1.26742 0.552411 9.83502
140 124 99
4 17 40 0 16 77 0 18 30 0 19 28 0
2.10972 -0.014572 11.0939
139 122 102
7 17 46 0 16 76 0 18 35 0 19 43 0 20 58 0 22 41 0 23 37 0
0.443597 0.235419 9.66222
128 110 93
4 17 56 0 16 75 0 18 22 0 19 62 0
0.777169 0.619951 10.5874
122 109 92
6 17 69 0 16 83 0 18 68 0 22 61 0 23 62 0 24 30 0
0.795845 1.16004 9.72629
132 115 97
8 17 77 0 16 65 0 18 81 0 19 103 0 20 95 0 21 87 0 22 93 0 23 118 0
2.88025 0.277692 10.3256
136 123 107
3 17 99 0 16 87 0 19 180 0
2.91612 0.193224 10.4463
133 120 103
3 17 120 0 16 155 0 19 100 0
1.05487 -0.10734 9.84977
90 75 59
3 17 129 0 16 120 0 18 127 0
2.61489 0.0139873 11.0899
92 82 70
4 17 130 0 16 144 0 18 109 0 19 124 0
0.206527 -0.160861 9.84712
116 103 89
3 17 135 0 16 106 0 18 205 0
0.802121 0.611074 10.5166
83 71 58
7 17 142 0 16 244 0 18 58 0 19 61 0 20 53 0 21 46 0 22 48 0
2.69922 0.338566 10.2486
94 81 69
3 17 170 0 16 117 0 18 232 0
2.80149 0.192661 10.424
98 80 66
4 17 188 0 16 194 0 18 144 0 19 160 0
0.447885 -0.185957 9.94476
117 103 88
4 17 201 0 16 165 0 18 178 0 19 273 0
2.70445 0.202207 10.3608
96 78 66
5 17 207 0 16 227 0 18 148 0 19 175 0 20 163 0
2.23021 -0.0439333 11.2423
128 115 97
4 17 208 0 16 229 0 18 187 0 20 193 0
2.23021 -0.0439333 11.2423
128 115 97
4 17 209 0 16 228 0 18 186 0 20 192 0
2.70586 0.0465702 11.0037
159 142 121
3 17 218 0 16 180 0 18 228 0
-0.110231 0.625655 9.23406
98 82 64
3 17 268 0 16 255 0 18 245 0
-0.0267486 0.963929 9.36047
41 37 30
3 17 336 0 16 287 0 18 386 0
0.635632 0.317964 11.0144
130 109 86
7 17 456 0 16 360 0 19 736 0 20 647 0 21 661 0 22 543 0 23 787 0
-0.0602651 -0.120067 9.65255
101 83 66
4 18 12 0 17 15 0 19 11 0 20 5 0
2.4654 0.175412 10.363
80 62 50
5 18 42 0 17 22 0 19 90 0 20 100 0 21 128 0
0.974859 1.30279 9.75289
94 77 62
3 18 45 0 17 33 0 19 77 0
0.79695 0.61347 10.5178
86 73 61
7 18 59 0 17 141 0 19 60 0 20 54 0 21 45 0 22 49 0 23 52 0
0.84344 0.739653 9.58298
86 70 53
3 18 63 0 17 30 0 19 239 0
2.60492 0.0333021 10.9974
115 104 86
3 18 66 0 17 73 0 19 75 0
1.2441 0.445812 9.76045
107 94 78
3 18 76 0 17 54 0 19 106 0
1.08157 -0.000733693 9.8249
100 87 67
3 18 78 0 17 137 0 19 94 0
0.999614 0.86135 10.0621
113 97 81
7 18 83 0 17 112 0 19 82 0 20 76 0 21 60 0 22 58 0 23 71 0
2.33501 -0.0840222 11.4123
111 99 86
3 18 86 0 17 102 0 22 46 0
2.80153 0.15235 10.4989
97 78 63
3 18 98 0 17 123 0 19 140 0
2.72293 0.22087 10.3671
131 117 101
3 18 100 0 17 104 0 19 115 0
0.973553 1.26452 9.77551
128 112 90
6 18 106 0 17 107 0 19 133 0 20 105 0 21 119 0 22 129 0
2.79926 -0.027554 11.2573
104 94 82
3 18 119 0 17 124 0 19 148 0
2.38251 -0.00424656 11.1099
99 88 76
7 18 122 0 17 166 0 19 123 0 20 109 0 21 99 0 22 121 0 23 166 0
2.76425 0.0923039 10.7496
115 102 84
3 18 135 0 17 93 0 19 199 0
2.76425 0.0923039 10.7496
115 102 84
3 18 136 0 17 92 0 19 198 0
0.207069 0.506292 9.32561
85 69 55
3 18 150 0 17 149 0 19 214 0
1.15761 1.07784 9.95109
141 114 93
6 18 153 0 17 220 0 19 149 0 20 114 0 21 105 0 22 110 0
2.56903 -0.0264847 11.2485
167 148 127
3 18 155 0 17 153 0 19 204 0
2.56903 -0.0264847 11.2485
167 148 127
3 18 156 0 17 152 0 19 203 0
0.653906 0.303021 11.0186
126 105 82
7 18 159 0 17 182 0 20 85 0 19 119 0 21 72 0 22 73 0 24 57 0
2.41516 0.102177 10.7053
148 135 118
7 18 160 0 17 178 0 19 268 0 20 182 0 21 197 0 22 148 0 23 188 0
2.66958 -0.038842 11.3158
104 93 82
3 18 165 0 17 168 0 19 174 0
2.4383 -0.0678648 11.3537
109 94 78
6 18 167 0 17 232 0 19 183 0 20 148 0 21 149 0 22 144 0
0.419276 1.18565 9.55523
123 108 92
3 18 168 0 17 121 0 19 263 0
0.00747945 0.0264075 9.48906
98 78 58
8 18 170 0 17 217 0 19 184 0 20 123 0 21 127 0 22 111 0 23 119 0 24 104 0
2.65689 -0.013608 11.2295
104 94 82
3 18 184 0 17 235 0 19 188 0
1.25481 0.43182 9.7901
153 134 108
7 18 202 0 17 250 0 19 235 0 20 202 0 21 168 0 22 166 0 23 173 0
0.403177 -0.729175 9.94899
81 67 53
4 18 219 0 17 192 0 19 286 0 20 177 0
-0.0374789 0.0430319 9.40914
105 88 69
3 18 241 0 17 265 0 19 295 0
0.59636 0.380346 10.9874
126 107 85
7 18 308 0 17 331 0 19 394 0 20 346 0 22 309 0 23 496 0 24 430 0
0.639425 0.426143 11.0196
23 18 13
5 18 491 0 17 462 0 19 684 0 20 643 0 22 550 0
2.46557 0.179125 10.3671
80 61 47
3 18 506 0 17 436 0 19 674 0
2.56821 -0.0283371 11.2493
162 143 123
3 18 511 0 17 438 0 19 694 0
0.883405 0.71972 10.315
127 111 88
6 19 81 0 17 85 0 20 71 0 22 43 0 23 47 0 24 26 0
1.89796 -0.145402 11.6255
52 49 45
3 19 256 0 17 245 0 21 92 0
0.282683 -1.12449 10.0298
100 88 72
5 19 642 0 17 407 0 18 467 0 20 602 0 22 526 0
0.272411 0.533 9.37511
80 65 51
3 19 14 0 18 7 0 20 17 0
1.25118 0.402391 9.78955
148 131 108
4 19 20 0 18 16 0 22 16 0 23 32 0
0.024375 0.197616 9.49596
138 113 90
5 19 52 0 18 39 0 20 44 0 21 37 0 22 37 0
0.943833 -0.327318 11.9548
85 85 82
3 19 67 0 18 31 0 20 74 0
2.28224 0.129502 10.5369
142 128 110
3 19 89 0 18 62 0 21 118 0
2.46743 -0.0301245 11.1847
136 122 105
3 19 101 0 18 92 0 20 107 0
2.51986 -0.0114805 11.1673
111 100 85
4 19 111 0 18 97 0 20 90 0 21 78 0
0.535341 -0.298677 10.3951
121 106 88
7 19 114 0 18 204 0 20 83 0 21 48 0 22 65 0 23 63 0 24 46 0
0.165398 0.14117 9.5957
92 80 67
5 19 130 0 18 142 0 20 139 0 21 146 0 22 103 0
0.0970195 -1.21512 10.1077
133 111 90
6 19 152 0 18 108 0 20 106 0 21 122 0 22 127 0 23 231 0
2.69752 0.205439 10.3614
97 79 67
3 19 176 0 18 149 0 20 164 0
0.395442 -0.777268 9.93524
88 71 55
4 19 197 0 18 130 0 20 171 0 21 242 0
1.8616 -0.139236 11.5953
142 127 110
4 19 209 0 18 233 0 20 133 0 21 114 0
-0.760002 -1.0377 10.9918
107 101 89
6 19 251 0 18 230 0 20 216 0 21 191 0 22 161 0 23 152 0
0.0128463 0.0928204 9.45598
122 102 78
4 19 255 0 18 223 0 23 200 0 24 171 0
1.14029 0.661533 9.77621
87 73 56
3 19 309 0 18 260 0 20 281 0
0.164698 -0.757644 9.86104
94 81 67
4 19 326 0 18 262 0 21 362 0 22 261 0
0.652979 0.359803 11.0911
92 89 81
6 19 396 0 18 318 0 21 380 0 22 312 0 23 497 0 24 434 0
1.88515 -0.14851 11.5908
146 132 115
5 19 680 0 18 503 0 20 641 0 21 657 0 22 552 0
0.587704 0.402321 11.0501
25 21 15
3 19 686 0 18 542 0 20 644 0
2.43853 -0.0689141 11.3553
112 96 80
4 19 691 0 18 508 0 20 631 0 21 647 0
0.667638 0.334049 11.0707
85 81 75
6 20 111 0 17 196 0 19 145 0 21 98 0 22 97 0 23 301 0
0.686567 0.327006 11.0663
77 72 67
3 20 645 0 17 459 0 19 687 0
-7.61234 -0.300373 12.3934
141 134 123
3 20 56 0 18 56 0 19 42 0
1.10226 0.605169 10.0367
150 129 104
5 20 224 0 18 237 0 21 222 0 23 211 0 24 166 0
0.621513 0.345729 11.0032
127 105 83
6 20 428 0 18 383 0 19 474 0 21 461 0 22 379 0 23 571 0
2.22352 0.133725 10.5096
109 99 89
4 20 35 0 19 39 0 21 19 0 23 31 0
0.303955 -0.158382 9.87996
115 102 88
4 20 78 0 19 37 0 21 117 0 22 163 0
-1.57468 -0.186698 10.9006
49 45 38
3 20 126 0 19 143 0 21 177 0
0.753402 0.51746 10.7382
84 73 61
4 20 127 0 19 248 0 21 94 0 22 81 0
0.780969 0.506204 10.7368
84 74 62
5 20 128 0 19 247 0 21 93 0 22 82 0 23 210 0
2.48692 0.0919989 10.7139
123 109 92
3 20 151 0 19 190 0 21 142 0
2.11656 -0.0777819 11.3683
147 134 117
5 20 156 0 19 223 0 21 154 0 22 119 0 23 144 0
2.39662 0.164124 10.3979
132 120 104
4 20 167 0 19 243 0 21 155 0 22 133 0
-1.16741 -0.962637 10.8228
62 60 54
4 20 173 0 19 169 0 21 108 0 22 122 0
2.26949 -0.0698992 11.3663
143 128 109
5 20 181 0 19 221 0 21 214 0 22 169 0 23 207 0
2.37372 0.0539911 10.8817
142 130 112
3 20 186 0 19 253 0 21 190 0
0.00742641 0.130411 9.51897
113 93 73
3 20 225 0 19 282 0 23 242 0
0.0314651 0.160098 9.58634
138 114 93
4 20 226 0 19 200 0 21 185 0 22 141 0
2.74765 0.196095 10.3945
88 71 58
5 20 227 0 19 283 0 21 240 0 22 200 0 23 316 0
-0.0699412 0.194653 9.28017
142 141 137
4 20 255 0 19 301 0 21 279 0 22 221 0
2.07354 -0.145475 11.6526
129 117 100
3 20 354 0 19 404 0 21 390 0
-0.0822655 -0.0349721 9.4055
97 83 68
5 20 413 0 19 597 0 21 442 0 22 359 0 23 817 0
0.596855 0.50203 10.9757
29 23 17
4 20 429 0 19 477 0 21 456 0 22 373 0
1.14824 0.682011 9.87006
129 107 81
5 20 430 0 19 479 0 21 457 0 22 374 0 24 483 0
0.145341 -1.12149 9.99126
191 179 155
3 20 465 0 19 544 0 21 508 0
0.775707 0.183442 11.0231
136 115 92
4 20 620 0 19 733 0 21 662 0 22 380 0
2.12141 -0.17058 11.658
141 127 110
3 20 636 0 19 678 0 21 449 0
1.11728 0.404114 10.288
153 128 102
3 21 16 0 19 29 0 22 18 0
1.20507 0.369176 9.92745
155 138 118
5 21 163 0 19 202 0 22 138 0 23 149 0 24 132 0
0.589555 0.552221 10.9504
127 113 91
3 21 180 0 19 258 0 22 137 0
-4.31061 1.67537 7.60626
142 139 134
3 21 320 0 19 381 0 20 332 0
0.992151 0.806805 10.0703
144 128 111
4 21 455 0 19 481 0 22 372 0 24 490 0
0.6539 0.354844 11.0801
89 86 79
3 21 459 0 19 475 0 22 377 0
-4.15431 1.75714 7.7221
104 103 101
3 21 519 0 19 593 0 23 531 0
-1.54536 -0.967048 10.7061
60 55 46
4 21 608 0 19 639 0 22 524 0 23 661 0
-3.12928 1.58756 8.04665
143 140 134
3 21 700 0 19 606 0 20 658 0
-0.00856431 -0.186108 9.63085
109 92 77
4 21 0 0 20 1 0 22 0 0 23 0 0
2.16742 0.112623 10.6159
106 96 84
3 21 34 0 20 68 0 23 51 0
2.55689 0.271943 10.3149
94 81 70
3 21 83 0 20 115 0 22 68 0
2.31185 -0.0608331 11.3228
155 138 119
3 21 104 0 20 110 0 22 92 0
-5.45263e-05 -0.0120177 9.46817
134 115 93
5 21 111 0 20 117 0 22 95 0 23 96 0 24 81 0
1.02798 0.770275 10.0332
89 77 63
4 21 171 0 20 206 0 22 126 0 23 93 0
0.822526 0.649135 10.4739
122 105 83
3 21 175 0 20 209 0 22 147 0
2.274 -0.0724797 11.3662
143 128 110
4 21 215 0 20 180 0 22 170 0 23 206 0
2.32479 -0.0678337 11.3226
155 138 119
3 21 651 0 20 635 0 22 554 0
0.573144 0.471765 11.0185
27 21 16
3 22 375 0 17 453 0 21 458 0
0.968331 0.570137 10.2952
125 109 90
4 22 10 0 18 15 0 23 19 0 24 12 0
1.19681 0.51579 9.99201
155 136 111
3 22 17 0 18 19 0 24 15 0
0.686948 0.209189 11.0647
135 115 94
6 22 102 0 18 52 0 19 252 0 16 152 0 20 131 0 23 136 0
0.639 0.281271 11.0756
27 20 15
4 22 243 0 18 313 0 20 282 0 23 418 0
1.08129 -0.753843 11.8666
98 98 93
3 22 136 0 19 73 0 21 109 0
-3.56248 1.95665 6.86966
142 140 136
4 22 27 0 20 22 0 23 130 0 24 35 0
-3.67361 1.69156 7.10155
142 139 135
4 22 64 0 20 80 0 21 120 0 23 134 0
-3.69285 1.78987 7.05777
11 9 12
4 22 307 0 20 325 0 21 318 0 24 413 0
-3.65074 1.8683 7.09946
143 141 138
5 22 364 0 20 403 0 21 522 0 23 529 0 24 465 0
-3.50202 1.83201 6.88463
12 10 12
3 22 367 0 20 508 0 21 549 0
0.385382 0.91855 9.40831
71 58 46
3 22 382 0 20 426 0 21 465 0
-1.48647 -0.786036 10.7303
59 59 54
3 22 404 0 20 314 0 21 514 0
2.29934 0.0361701 10.9076
121 108 94
3 22 162 0 21 152 0 23 296 0
0.940283 0.489887 10.4043
137 116 91
3 22 174 0 21 196 0 24 103 0
0.692671 0.508785 10.8209
88 75 63
3 22 198 0 21 238 0 23 141 0
0.692671 0.508785 10.8209
88 75 63
3 22 199 0 21 239 0 23 142 0
0.45329 -0.875052 10.4616
94 82 69
4 22 226 0 21 282 0 23 375 0 24 334 0
0.957116 1.63716 9.17038
33 35 37
3 22 368 0 21 447 0 23 505 0
-3.70567 1.79656 7.06214
13 11 15
4 22 428 0 21 547 0 23 557 0 24 467 0
-3.71527 1.71056 7.09486
143 141 137
4 22 501 0 21 550 0 23 826 0 24 692 0
-3.68011 1.87988 7.08559
144 143 140
3 23 27 0 21 12 0 24 27 0
2.17451 0.12736 10.5668
105 96 83
3 23 42 0 21 38 0 22 62 0
0.86096 0.25357 10.8346
154 132 109
3 23 174 0 21 206 0 24 134 0
-3.93765 1.36486 7.55062
133 132 130
3 23 549 0 21 538 0 24 473 0
-3.7456 1.61735 7.07865
8 5 9
3 23 454 0 22 264 0 24 411 0
0.995758 0.807469 10.0729
145 131 114
3 23 501 0 22 314 0 24 433 0
0.478764 -0.375959 10.4922
118 108 97
3 24 8 0 22 13 0 23 17 0
